{"/Users/laurawenning/Documents/dev/reroll/app/src/utilities/tools.ts": {"path":"/Users/laurawenning/Documents/dev/reroll/app/src/utilities/tools.ts","statementMap":{"0":{"start":{"line":6,"column":16},"end":{"line":6,"column":19}},"1":{"start":{"line":7,"column":2},"end":{"line":7,"column":9}},"2":{"start":{"line":5,"column":0},"end":{"line":5,"column":16}}},"fnMap":{"0":{"name":"idify","decl":{"start":{"line":5,"column":16},"end":{"line":5,"column":22}},"loc":{"start":{"line":5,"column":33},"end":{"line":8,"column":null}}}},"branchMap":{},"s":{"0":1,"1":1,"2":1},"f":{"0":1},"b":{}}
}
